[W] invalid valud of CUDA_VISIBLE_DEVICES: "NoDevFiles"
[[1;32m172.16.240.8.10000[m::[1;35mstderr[m] Traceback (most recent call last):
[[1;32m172.16.240.8.10000[m::[1;35mstderr[m]   File "examples/fda_examples/tf2_mnist_experiment.py", line 2, in <module>
[[1;32m172.16.240.8.10000[m::[1;35mstderr[m]     from kungfu.tensorflow.ops import group_all_reduce
[[1;32m172.16.240.8.10000[m::[1;35mstderr[m]   File "/users/pa21/vsamol/.local/lib/python3.8/site-packages/kungfu/tensorflow/ops/__init__.py", line 4, in <module>
[[1;32m172.16.240.8.10000[m::[1;35mstderr[m]     from ._tf_oplib import _op_lib
[[1;32m172.16.240.8.10000[m::[1;35mstderr[m]   File "/users/pa21/vsamol/.local/lib/python3.8/site-packages/kungfu/tensorflow/ops/_tf_oplib.py", line 21, in <module>
[[1;32m172.16.240.8.10000[m::[1;35mstderr[m]     _op_lib = _load_and_init_op_lib()
[[1;32m172.16.240.8.10000[m::[1;35mstderr[m]   File "/users/pa21/vsamol/.local/lib/python3.8/site-packages/kungfu/tensorflow/ops/_tf_oplib.py", line 17, in _load_and_init_op_lib
[[1;32m172.16.240.8.10000[m::[1;35mstderr[m]     _op_lib = _load_op_lib('kungfu_tensorflow_ops')
[[1;32m172.16.240.8.10000[m::[1;35mstderr[m]   File "/users/pa21/vsamol/.local/lib/python3.8/site-packages/kungfu/tensorflow/ops/_tf_oplib.py", line 13, in _load_op_lib
[[1;32m172.16.240.8.10000[m::[1;35mstderr[m]     return tf.load_op_library(filename)
[[1;32m172.16.240.8.10000[m::[1;35mstderr[m]   File "/apps/applications/tf+torch/2.7.0+1.9.1/lib/python3.8/site-packages/tensorflow/python/framework/load_library.py", line 58, in load_op_library
[[1;32m172.16.240.8.10000[m::[1;35mstderr[m]     lib_handle = py_tf.TF_LoadLibrary(library_filename)
[[1;32m172.16.240.8.10000[m::[1;35mstderr[m] tensorflow.python.framework.errors_impl.NotFoundError: /users/pa21/vsamol/.local/lib/python3.8/site-packages/kungfu/kungfu_tensorflow_ops.cpython-38-x86_64-linux-gnu.so: undefined symbol: _ZN10tensorflow11GetNodeAttrERKNS_9AttrSliceEN4absl14lts_2020_02_2511string_viewEPNSt7__cxx1112basic_stringIcSt11char_traitsIcESaIcEEE
[1;35m[E][m #<172.16.240.8.10000> exited with error: exit status 1
srun: Job step aborted: Waiting up to 32 seconds for job step to finish.
srun: got SIGCONT
slurmstepd: error: *** STEP 1535975.0 ON gpu28 CANCELLED AT 2023-10-02T16:50:31 ***
slurmstepd: error: *** JOB 1535975 ON gpu28 CANCELLED AT 2023-10-02T16:50:31 ***
srun: forcing job termination
srun: error: gpu28: task 0: Terminated
srun: Terminating job step 1535975.0
